<idea-plugin url="http://www.jetbrains.com/idea">
  <extensions defaultExtensionNs="com.intellij">
    <junitListener implementation="com.intellij.coverage.listeners.IDEAJUnitCoverageListener"/>
  </extensions>
</idea-plugin>
